2018-09-17T13:53:22+00:00 CRITICAL Uncaught Error: Call to undefined function trx_addons_get_the_ID() in C:\wamp64\www\nomad\wp-content\plugins\trx_addons\includes\plugin.wp.php:132
Stack trace:
#0 C:\wamp64\www\nomad\wp-content\plugins\trx_addons\includes\plugin.wp.php(262): trx_addons_inc_post_views(0, 1)
#1 C:\wamp64\www\nomad\wp-includes\class-wp-hook.php(286): trx_addons_inc_views_php('')
#2 C:\wamp64\www\nomad\wp-includes\class-wp-hook.php(310): WP_Hook->apply_filters(NULL, Array)
#3 C:\wamp64\www\nomad\wp-includes\plugin.php(453): WP_Hook->do_action(Array)
#4 C:\wamp64\www\nomad\wp-includes\general-template.php(2614): do_action('wp_head')
#5 C:\wamp64\www\nomad\wp-content\themes\unitravel\unitravel\header.php(15): wp_head()
#6 C:\wamp64\www\nomad\wp-includes\template.php(688): require_once('C:\\wamp64\\www\\n...')
#7 C:\wamp64\www\nomad\wp-includes\template.php(647): load_template('C:\\wamp64\\www\\n...', true)
#8 C:\wamp64\www\nomad\wp-includes\general-template.php(41): locate_template(Array, true)
#9 C:\wamp64\www\nomad\wp-content\the

2018-09-17T14:04:07+00:00 CRITICAL Uncaught Error: Call to undefined function trx_addons_get_the_ID() in C:\wamp64\www\nomad\wp-content\plugins\trx_addons\includes\plugin.wp.php:132
Stack trace:
#0 C:\wamp64\www\nomad\wp-content\plugins\trx_addons\includes\plugin.wp.php(262): trx_addons_inc_post_views(0, 1)
#1 C:\wamp64\www\nomad\wp-includes\class-wp-hook.php(286): trx_addons_inc_views_php('')
#2 C:\wamp64\www\nomad\wp-includes\class-wp-hook.php(310): WP_Hook->apply_filters(NULL, Array)
#3 C:\wamp64\www\nomad\wp-includes\plugin.php(453): WP_Hook->do_action(Array)
#4 C:\wamp64\www\nomad\wp-includes\general-template.php(2614): do_action('wp_head')
#5 C:\wamp64\www\nomad\wp-content\themes\unitravel\unitravel\header.php(15): wp_head()
#6 C:\wamp64\www\nomad\wp-includes\template.php(688): require_once('C:\\wamp64\\www\\n...')
#7 C:\wamp64\www\nomad\wp-includes\template.php(647): load_template('C:\\wamp64\\www\\n...', true)
#8 C:\wamp64\www\nomad\wp-includes\general-template.php(41): locate_template(Array, true)
#9 C:\wamp64\www\nomad\wp-content\the

2018-09-17T14:05:01+00:00 CRITICAL Uncaught Error: Call to undefined function trx_addons_get_the_ID() in C:\wamp64\www\nomad\wp-content\plugins\trx_addons\includes\plugin.wp.php:132
Stack trace:
#0 C:\wamp64\www\nomad\wp-content\plugins\trx_addons\includes\plugin.wp.php(262): trx_addons_inc_post_views(0, 1)
#1 C:\wamp64\www\nomad\wp-includes\class-wp-hook.php(286): trx_addons_inc_views_php('')
#2 C:\wamp64\www\nomad\wp-includes\class-wp-hook.php(310): WP_Hook->apply_filters(NULL, Array)
#3 C:\wamp64\www\nomad\wp-includes\plugin.php(453): WP_Hook->do_action(Array)
#4 C:\wamp64\www\nomad\wp-includes\general-template.php(2614): do_action('wp_head')
#5 C:\wamp64\www\nomad\wp-content\themes\unitravel\unitravel\header.php(15): wp_head()
#6 C:\wamp64\www\nomad\wp-includes\template.php(688): require_once('C:\\wamp64\\www\\n...')
#7 C:\wamp64\www\nomad\wp-includes\template.php(647): load_template('C:\\wamp64\\www\\n...', true)
#8 C:\wamp64\www\nomad\wp-includes\general-template.php(41): locate_template(Array, true)
#9 C:\wamp64\www\nomad\wp-content\the

2018-09-17T14:05:29+00:00 CRITICAL Uncaught Error: Call to undefined function trx_addons_get_the_ID() in C:\wamp64\www\nomad\wp-content\plugins\trx_addons\includes\plugin.wp.php:132
Stack trace:
#0 C:\wamp64\www\nomad\wp-content\plugins\trx_addons\includes\plugin.wp.php(262): trx_addons_inc_post_views(0, 1)
#1 C:\wamp64\www\nomad\wp-includes\class-wp-hook.php(286): trx_addons_inc_views_php('')
#2 C:\wamp64\www\nomad\wp-includes\class-wp-hook.php(310): WP_Hook->apply_filters(NULL, Array)
#3 C:\wamp64\www\nomad\wp-includes\plugin.php(453): WP_Hook->do_action(Array)
#4 C:\wamp64\www\nomad\wp-includes\general-template.php(2614): do_action('wp_head')
#5 C:\wamp64\www\nomad\wp-content\themes\unitravel\unitravel\header.php(15): wp_head()
#6 C:\wamp64\www\nomad\wp-includes\template.php(688): require_once('C:\\wamp64\\www\\n...')
#7 C:\wamp64\www\nomad\wp-includes\template.php(647): load_template('C:\\wamp64\\www\\n...', true)
#8 C:\wamp64\www\nomad\wp-includes\general-template.php(41): locate_template(Array, true)
#9 C:\wamp64\www\nomad\wp-content\the

2018-09-17T14:05:40+00:00 CRITICAL Uncaught Error: Call to undefined function trx_addons_get_the_ID() in C:\wamp64\www\nomad\wp-content\plugins\trx_addons\includes\plugin.wp.php:132
Stack trace:
#0 C:\wamp64\www\nomad\wp-content\plugins\trx_addons\includes\plugin.wp.php(262): trx_addons_inc_post_views(0, 1)
#1 C:\wamp64\www\nomad\wp-includes\class-wp-hook.php(286): trx_addons_inc_views_php('')
#2 C:\wamp64\www\nomad\wp-includes\class-wp-hook.php(310): WP_Hook->apply_filters(NULL, Array)
#3 C:\wamp64\www\nomad\wp-includes\plugin.php(453): WP_Hook->do_action(Array)
#4 C:\wamp64\www\nomad\wp-includes\general-template.php(2614): do_action('wp_head')
#5 C:\wamp64\www\nomad\wp-content\themes\unitravel\unitravel\header.php(15): wp_head()
#6 C:\wamp64\www\nomad\wp-includes\template.php(688): require_once('C:\\wamp64\\www\\n...')
#7 C:\wamp64\www\nomad\wp-includes\template.php(647): load_template('C:\\wamp64\\www\\n...', true)
#8 C:\wamp64\www\nomad\wp-includes\general-template.php(41): locate_template(Array, true)
#9 C:\wamp64\www\nomad\wp-content\the

2018-09-17T14:08:32+00:00 CRITICAL Uncaught Error: Call to undefined function trx_addons_get_the_ID() in C:\wamp64\www\nomad\wp-content\plugins\trx_addons\includes\plugin.wp.php:132
Stack trace:
#0 C:\wamp64\www\nomad\wp-content\plugins\trx_addons\includes\plugin.wp.php(262): trx_addons_inc_post_views(0, 1)
#1 C:\wamp64\www\nomad\wp-includes\class-wp-hook.php(286): trx_addons_inc_views_php('')
#2 C:\wamp64\www\nomad\wp-includes\class-wp-hook.php(310): WP_Hook->apply_filters(NULL, Array)
#3 C:\wamp64\www\nomad\wp-includes\plugin.php(453): WP_Hook->do_action(Array)
#4 C:\wamp64\www\nomad\wp-includes\general-template.php(2614): do_action('wp_head')
#5 C:\wamp64\www\nomad\wp-content\themes\unitravel\unitravel\header.php(15): wp_head()
#6 C:\wamp64\www\nomad\wp-includes\template.php(688): require_once('C:\\wamp64\\www\\n...')
#7 C:\wamp64\www\nomad\wp-includes\template.php(647): load_template('C:\\wamp64\\www\\n...', true)
#8 C:\wamp64\www\nomad\wp-includes\general-template.php(41): locate_template(Array, true)
#9 C:\wamp64\www\nomad\wp-content\the

2018-09-17T14:10:50+00:00 CRITICAL Uncaught Error: Call to undefined function trx_addons_get_the_ID() in C:\wamp64\www\nomad\wp-content\plugins\trx_addons\includes\plugin.wp.php:132
Stack trace:
#0 C:\wamp64\www\nomad\wp-content\plugins\trx_addons\includes\plugin.wp.php(262): trx_addons_inc_post_views(0, 1)
#1 C:\wamp64\www\nomad\wp-includes\class-wp-hook.php(286): trx_addons_inc_views_php('')
#2 C:\wamp64\www\nomad\wp-includes\class-wp-hook.php(310): WP_Hook->apply_filters(NULL, Array)
#3 C:\wamp64\www\nomad\wp-includes\plugin.php(453): WP_Hook->do_action(Array)
#4 C:\wamp64\www\nomad\wp-includes\general-template.php(2614): do_action('wp_head')
#5 C:\wamp64\www\nomad\wp-content\themes\unitravel\unitravel\header.php(15): wp_head()
#6 C:\wamp64\www\nomad\wp-includes\template.php(688): require_once('C:\\wamp64\\www\\n...')
#7 C:\wamp64\www\nomad\wp-includes\template.php(647): load_template('C:\\wamp64\\www\\n...', true)
#8 C:\wamp64\www\nomad\wp-includes\general-template.php(41): locate_template(Array, true)
#9 C:\wamp64\www\nomad\wp-content\the

2018-09-17T14:17:08+00:00 CRITICAL Uncaught Error: Call to undefined function trx_addons_get_the_ID() in C:\wamp64\www\nomad\wp-content\plugins\trx_addons\includes\plugin.wp.php:132
Stack trace:
#0 C:\wamp64\www\nomad\wp-content\plugins\trx_addons\includes\plugin.wp.php(262): trx_addons_inc_post_views(0, 1)
#1 C:\wamp64\www\nomad\wp-includes\class-wp-hook.php(286): trx_addons_inc_views_php('')
#2 C:\wamp64\www\nomad\wp-includes\class-wp-hook.php(310): WP_Hook->apply_filters(NULL, Array)
#3 C:\wamp64\www\nomad\wp-includes\plugin.php(453): WP_Hook->do_action(Array)
#4 C:\wamp64\www\nomad\wp-includes\general-template.php(2614): do_action('wp_head')
#5 C:\wamp64\www\nomad\wp-content\themes\unitravel\unitravel\header.php(15): wp_head()
#6 C:\wamp64\www\nomad\wp-includes\template.php(688): require_once('C:\\wamp64\\www\\n...')
#7 C:\wamp64\www\nomad\wp-includes\template.php(647): load_template('C:\\wamp64\\www\\n...', true)
#8 C:\wamp64\www\nomad\wp-includes\general-template.php(41): locate_template(Array, true)
#9 C:\wamp64\www\nomad\wp-content\the

2018-09-17T14:18:03+00:00 CRITICAL Uncaught Error: Call to undefined function trx_addons_get_the_ID() in C:\wamp64\www\nomad\wp-content\plugins\trx_addons\includes\plugin.wp.php:132
Stack trace:
#0 C:\wamp64\www\nomad\wp-content\plugins\trx_addons\includes\plugin.wp.php(262): trx_addons_inc_post_views(0, 1)
#1 C:\wamp64\www\nomad\wp-includes\class-wp-hook.php(286): trx_addons_inc_views_php('')
#2 C:\wamp64\www\nomad\wp-includes\class-wp-hook.php(310): WP_Hook->apply_filters(NULL, Array)
#3 C:\wamp64\www\nomad\wp-includes\plugin.php(453): WP_Hook->do_action(Array)
#4 C:\wamp64\www\nomad\wp-includes\general-template.php(2614): do_action('wp_head')
#5 C:\wamp64\www\nomad\wp-content\themes\unitravel\unitravel\header.php(15): wp_head()
#6 C:\wamp64\www\nomad\wp-includes\template.php(688): require_once('C:\\wamp64\\www\\n...')
#7 C:\wamp64\www\nomad\wp-includes\template.php(647): load_template('C:\\wamp64\\www\\n...', true)
#8 C:\wamp64\www\nomad\wp-includes\general-template.php(41): locate_template(Array, true)
#9 C:\wamp64\www\nomad\wp-content\the

2018-09-17T14:18:07+00:00 CRITICAL Uncaught Error: Call to undefined function trx_addons_get_the_ID() in C:\wamp64\www\nomad\wp-content\plugins\trx_addons\includes\plugin.wp.php:132
Stack trace:
#0 C:\wamp64\www\nomad\wp-content\plugins\trx_addons\includes\plugin.wp.php(262): trx_addons_inc_post_views(0, 1)
#1 C:\wamp64\www\nomad\wp-includes\class-wp-hook.php(286): trx_addons_inc_views_php('')
#2 C:\wamp64\www\nomad\wp-includes\class-wp-hook.php(310): WP_Hook->apply_filters(NULL, Array)
#3 C:\wamp64\www\nomad\wp-includes\plugin.php(453): WP_Hook->do_action(Array)
#4 C:\wamp64\www\nomad\wp-includes\general-template.php(2614): do_action('wp_head')
#5 C:\wamp64\www\nomad\wp-content\themes\unitravel\unitravel\header.php(15): wp_head()
#6 C:\wamp64\www\nomad\wp-includes\template.php(688): require_once('C:\\wamp64\\www\\n...')
#7 C:\wamp64\www\nomad\wp-includes\template.php(647): load_template('C:\\wamp64\\www\\n...', true)
#8 C:\wamp64\www\nomad\wp-includes\general-template.php(41): locate_template(Array, true)
#9 C:\wamp64\www\nomad\wp-content\the

2018-09-17T14:19:38+00:00 CRITICAL Uncaught Error: Call to undefined function trx_addons_get_the_ID() in C:\wamp64\www\nomad\wp-content\plugins\trx_addons\includes\plugin.wp.php:132
Stack trace:
#0 C:\wamp64\www\nomad\wp-content\plugins\trx_addons\includes\plugin.wp.php(262): trx_addons_inc_post_views(0, 1)
#1 C:\wamp64\www\nomad\wp-includes\class-wp-hook.php(286): trx_addons_inc_views_php('')
#2 C:\wamp64\www\nomad\wp-includes\class-wp-hook.php(310): WP_Hook->apply_filters(NULL, Array)
#3 C:\wamp64\www\nomad\wp-includes\plugin.php(453): WP_Hook->do_action(Array)
#4 C:\wamp64\www\nomad\wp-includes\general-template.php(2614): do_action('wp_head')
#5 C:\wamp64\www\nomad\wp-content\themes\unitravel\unitravel\header.php(15): wp_head()
#6 C:\wamp64\www\nomad\wp-includes\template.php(688): require_once('C:\\wamp64\\www\\n...')
#7 C:\wamp64\www\nomad\wp-includes\template.php(647): load_template('C:\\wamp64\\www\\n...', true)
#8 C:\wamp64\www\nomad\wp-includes\general-template.php(41): locate_template(Array, true)
#9 C:\wamp64\www\nomad\wp-content\the

2018-09-17T14:19:39+00:00 CRITICAL Uncaught Error: Call to undefined function trx_addons_get_the_ID() in C:\wamp64\www\nomad\wp-content\plugins\trx_addons\includes\plugin.wp.php:132
Stack trace:
#0 C:\wamp64\www\nomad\wp-content\plugins\trx_addons\includes\plugin.wp.php(262): trx_addons_inc_post_views(0, 1)
#1 C:\wamp64\www\nomad\wp-includes\class-wp-hook.php(286): trx_addons_inc_views_php('')
#2 C:\wamp64\www\nomad\wp-includes\class-wp-hook.php(310): WP_Hook->apply_filters(NULL, Array)
#3 C:\wamp64\www\nomad\wp-includes\plugin.php(453): WP_Hook->do_action(Array)
#4 C:\wamp64\www\nomad\wp-includes\general-template.php(2614): do_action('wp_head')
#5 C:\wamp64\www\nomad\wp-content\themes\unitravel\unitravel\header.php(15): wp_head()
#6 C:\wamp64\www\nomad\wp-includes\template.php(688): require_once('C:\\wamp64\\www\\n...')
#7 C:\wamp64\www\nomad\wp-includes\template.php(647): load_template('C:\\wamp64\\www\\n...', true)
#8 C:\wamp64\www\nomad\wp-includes\general-template.php(41): locate_template(Array, true)
#9 C:\wamp64\www\nomad\wp-content\the

2018-09-17T14:19:41+00:00 CRITICAL Uncaught Error: Call to undefined function trx_addons_get_the_ID() in C:\wamp64\www\nomad\wp-content\plugins\trx_addons\includes\plugin.wp.php:132
Stack trace:
#0 C:\wamp64\www\nomad\wp-content\plugins\trx_addons\includes\plugin.wp.php(262): trx_addons_inc_post_views(0, 1)
#1 C:\wamp64\www\nomad\wp-includes\class-wp-hook.php(286): trx_addons_inc_views_php('')
#2 C:\wamp64\www\nomad\wp-includes\class-wp-hook.php(310): WP_Hook->apply_filters(NULL, Array)
#3 C:\wamp64\www\nomad\wp-includes\plugin.php(453): WP_Hook->do_action(Array)
#4 C:\wamp64\www\nomad\wp-includes\general-template.php(2614): do_action('wp_head')
#5 C:\wamp64\www\nomad\wp-content\themes\unitravel\unitravel\header.php(15): wp_head()
#6 C:\wamp64\www\nomad\wp-includes\template.php(688): require_once('C:\\wamp64\\www\\n...')
#7 C:\wamp64\www\nomad\wp-includes\template.php(647): load_template('C:\\wamp64\\www\\n...', true)
#8 C:\wamp64\www\nomad\wp-includes\general-template.php(41): locate_template(Array, true)
#9 C:\wamp64\www\nomad\wp-content\the

2018-09-17T14:20:53+00:00 CRITICAL Uncaught Error: Call to undefined function trx_addons_inc_post_views() in C:\wamp64\www\nomad\wp-content\plugins\trx_addons\includes\plugin.wp.php:262
Stack trace:
#0 C:\wamp64\www\nomad\wp-includes\class-wp-hook.php(286): trx_addons_inc_views_php('')
#1 C:\wamp64\www\nomad\wp-includes\class-wp-hook.php(310): WP_Hook->apply_filters(NULL, Array)
#2 C:\wamp64\www\nomad\wp-includes\plugin.php(453): WP_Hook->do_action(Array)
#3 C:\wamp64\www\nomad\wp-includes\general-template.php(2614): do_action('wp_head')
#4 C:\wamp64\www\nomad\wp-content\themes\unitravel\unitravel\header.php(15): wp_head()
#5 C:\wamp64\www\nomad\wp-includes\template.php(688): require_once('C:\\wamp64\\www\\n...')
#6 C:\wamp64\www\nomad\wp-includes\template.php(647): load_template('C:\\wamp64\\www\\n...', true)
#7 C:\wamp64\www\nomad\wp-includes\general-template.php(41): locate_template(Array, true)
#8 C:\wamp64\www\nomad\wp-content\themes\unitravel\unitravel\404.php(17): get_header()
#9 C:\wamp64\www\nomad\wp-includes\template-loader.php(74): 

2018-09-17T14:21:56+00:00 CRITICAL Uncaught Error: Call to undefined function trx_addons_get_the_ID() in C:\wamp64\www\nomad\wp-content\plugins\trx_addons\includes\plugin.wp.php:132
Stack trace:
#0 C:\wamp64\www\nomad\wp-content\plugins\trx_addons\includes\plugin.wp.php(262): trx_addons_inc_post_views(0, 1)
#1 C:\wamp64\www\nomad\wp-includes\class-wp-hook.php(286): trx_addons_inc_views_php('')
#2 C:\wamp64\www\nomad\wp-includes\class-wp-hook.php(310): WP_Hook->apply_filters(NULL, Array)
#3 C:\wamp64\www\nomad\wp-includes\plugin.php(453): WP_Hook->do_action(Array)
#4 C:\wamp64\www\nomad\wp-includes\general-template.php(2614): do_action('wp_head')
#5 C:\wamp64\www\nomad\wp-content\themes\unitravel\unitravel\header.php(15): wp_head()
#6 C:\wamp64\www\nomad\wp-includes\template.php(688): require_once('C:\\wamp64\\www\\n...')
#7 C:\wamp64\www\nomad\wp-includes\template.php(647): load_template('C:\\wamp64\\www\\n...', true)
#8 C:\wamp64\www\nomad\wp-includes\general-template.php(41): locate_template(Array, true)
#9 C:\wamp64\www\nomad\wp-content\the

2018-09-17T14:22:15+00:00 CRITICAL Uncaught Error: Call to undefined function trx_addons_get_the_ID() in C:\wamp64\www\nomad\wp-content\plugins\trx_addons\includes\plugin.wp.php:132
Stack trace:
#0 C:\wamp64\www\nomad\wp-content\plugins\trx_addons\includes\plugin.wp.php(262): trx_addons_inc_post_views(0, 1)
#1 C:\wamp64\www\nomad\wp-includes\class-wp-hook.php(286): trx_addons_inc_views_php('')
#2 C:\wamp64\www\nomad\wp-includes\class-wp-hook.php(310): WP_Hook->apply_filters(NULL, Array)
#3 C:\wamp64\www\nomad\wp-includes\plugin.php(453): WP_Hook->do_action(Array)
#4 C:\wamp64\www\nomad\wp-includes\general-template.php(2614): do_action('wp_head')
#5 C:\wamp64\www\nomad\wp-content\themes\unitravel\unitravel\header.php(15): wp_head()
#6 C:\wamp64\www\nomad\wp-includes\template.php(688): require_once('C:\\wamp64\\www\\n...')
#7 C:\wamp64\www\nomad\wp-includes\template.php(647): load_template('C:\\wamp64\\www\\n...', true)
#8 C:\wamp64\www\nomad\wp-includes\general-template.php(41): locate_template(Array, true)
#9 C:\wamp64\www\nomad\wp-content\the

2018-09-17T14:22:39+00:00 CRITICAL Uncaught Error: Call to undefined function trx_addons_get_the_ID() in C:\wamp64\www\nomad\wp-content\plugins\trx_addons\includes\plugin.wp.php:132
Stack trace:
#0 C:\wamp64\www\nomad\wp-content\plugins\trx_addons\includes\plugin.wp.php(262): trx_addons_inc_post_views(0, 1)
#1 C:\wamp64\www\nomad\wp-includes\class-wp-hook.php(286): trx_addons_inc_views_php('')
#2 C:\wamp64\www\nomad\wp-includes\class-wp-hook.php(310): WP_Hook->apply_filters(NULL, Array)
#3 C:\wamp64\www\nomad\wp-includes\plugin.php(453): WP_Hook->do_action(Array)
#4 C:\wamp64\www\nomad\wp-includes\general-template.php(2614): do_action('wp_head')
#5 C:\wamp64\www\nomad\wp-content\themes\unitravel\unitravel\header.php(15): wp_head()
#6 C:\wamp64\www\nomad\wp-includes\template.php(688): require_once('C:\\wamp64\\www\\n...')
#7 C:\wamp64\www\nomad\wp-includes\template.php(647): load_template('C:\\wamp64\\www\\n...', true)
#8 C:\wamp64\www\nomad\wp-includes\general-template.php(41): locate_template(Array, true)
#9 C:\wamp64\www\nomad\wp-content\the

2018-09-17T14:27:28+00:00 CRITICAL Uncaught Error: Call to undefined function trx_addons_get_the_ID() in C:\wamp64\www\nomad\wp-content\plugins\trx_addons\includes\plugin.wp.php:132
Stack trace:
#0 C:\wamp64\www\nomad\wp-content\plugins\trx_addons\includes\plugin.wp.php(262): trx_addons_inc_post_views(0, 1)
#1 C:\wamp64\www\nomad\wp-includes\class-wp-hook.php(286): trx_addons_inc_views_php('')
#2 C:\wamp64\www\nomad\wp-includes\class-wp-hook.php(310): WP_Hook->apply_filters(NULL, Array)
#3 C:\wamp64\www\nomad\wp-includes\plugin.php(453): WP_Hook->do_action(Array)
#4 C:\wamp64\www\nomad\wp-includes\general-template.php(2614): do_action('wp_head')
#5 C:\wamp64\www\nomad\wp-content\themes\unitravel\unitravel\header.php(15): wp_head()
#6 C:\wamp64\www\nomad\wp-includes\template.php(688): require_once('C:\\wamp64\\www\\n...')
#7 C:\wamp64\www\nomad\wp-includes\template.php(647): load_template('C:\\wamp64\\www\\n...', true)
#8 C:\wamp64\www\nomad\wp-includes\general-template.php(41): locate_template(Array, true)
#9 C:\wamp64\www\nomad\wp-content\the

2018-09-17T14:43:39+00:00 CRITICAL Uncaught Error: Call to undefined function trx_addons_get_the_ID() in C:\wamp64\www\nomad\wp-content\plugins\trx_addons\includes\plugin.wp.php:132
Stack trace:
#0 C:\wamp64\www\nomad\wp-content\plugins\trx_addons\includes\plugin.wp.php(262): trx_addons_inc_post_views(0, 1)
#1 C:\wamp64\www\nomad\wp-includes\class-wp-hook.php(286): trx_addons_inc_views_php('')
#2 C:\wamp64\www\nomad\wp-includes\class-wp-hook.php(310): WP_Hook->apply_filters(NULL, Array)
#3 C:\wamp64\www\nomad\wp-includes\plugin.php(453): WP_Hook->do_action(Array)
#4 C:\wamp64\www\nomad\wp-includes\general-template.php(2614): do_action('wp_head')
#5 C:\wamp64\www\nomad\wp-content\themes\unitravel\header.php(15): wp_head()
#6 C:\wamp64\www\nomad\wp-includes\template.php(688): require_once('C:\\wamp64\\www\\n...')
#7 C:\wamp64\www\nomad\wp-includes\template.php(647): load_template('C:\\wamp64\\www\\n...', true)
#8 C:\wamp64\www\nomad\wp-includes\general-template.php(41): locate_template(Array, true)
#9 C:\wamp64\www\nomad\wp-content\themes\unitra

2018-09-17T15:07:03+00:00 CRITICAL Call to undefined function trx_addons_get_the_ID()

2018-09-17T15:07:32+00:00 CRITICAL Uncaught Error: Call to undefined function trx_addons_get_the_ID() in C:\wamp64\www\nomad\wp-content\plugins\trx_addons\includes\plugin.wp.php:132
Stack trace:
#0 C:\wamp64\www\nomad\wp-content\plugins\trx_addons\includes\plugin.wp.php(262): trx_addons_inc_post_views(0, 1)
#1 C:\wamp64\www\nomad\wp-includes\class-wp-hook.php(286): trx_addons_inc_views_php('')
#2 C:\wamp64\www\nomad\wp-includes\class-wp-hook.php(310): WP_Hook->apply_filters(NULL, Array)
#3 C:\wamp64\www\nomad\wp-includes\plugin.php(453): WP_Hook->do_action(Array)
#4 C:\wamp64\www\nomad\wp-includes\general-template.php(2614): do_action('wp_head')
#5 C:\wamp64\www\nomad\wp-content\themes\unitravel\header.php(15): wp_head()
#6 C:\wamp64\www\nomad\wp-includes\template.php(688): require_once('C:\\wamp64\\www\\n...')
#7 C:\wamp64\www\nomad\wp-includes\template.php(647): load_template('C:\\wamp64\\www\\n...', true)
#8 C:\wamp64\www\nomad\wp-includes\general-template.php(41): locate_template(Array, true)
#9 C:\wamp64\www\nomad\wp-content\themes\unitra

2018-09-17T15:13:41+00:00 CRITICAL Uncaught Error: Call to undefined function trx_addons_get_the_ID() in C:\wamp64\www\nomad\wp-content\plugins\trx_addons\includes\plugin.wp.php:132
Stack trace:
#0 C:\wamp64\www\nomad\wp-content\plugins\trx_addons\includes\plugin.wp.php(262): trx_addons_inc_post_views(0, 1)
#1 C:\wamp64\www\nomad\wp-includes\class-wp-hook.php(286): trx_addons_inc_views_php('')
#2 C:\wamp64\www\nomad\wp-includes\class-wp-hook.php(310): WP_Hook->apply_filters(NULL, Array)
#3 C:\wamp64\www\nomad\wp-includes\plugin.php(453): WP_Hook->do_action(Array)
#4 C:\wamp64\www\nomad\wp-includes\general-template.php(2614): do_action('wp_head')
#5 C:\wamp64\www\nomad\wp-content\themes\unitravel\header.php(15): wp_head()
#6 C:\wamp64\www\nomad\wp-includes\template.php(688): require_once('C:\\wamp64\\www\\n...')
#7 C:\wamp64\www\nomad\wp-includes\template.php(647): load_template('C:\\wamp64\\www\\n...', true)
#8 C:\wamp64\www\nomad\wp-includes\general-template.php(41): locate_template(Array, true)
#9 C:\wamp64\www\nomad\wp-content\themes\unitra

2018-09-17T15:22:44+00:00 CRITICAL Uncaught Error: Call to undefined function trx_addons_get_the_ID() in C:\wamp64\www\nomad\wp-content\plugins\trx_addons\includes\plugin.wp.php:132
Stack trace:
#0 C:\wamp64\www\nomad\wp-content\plugins\trx_addons\includes\plugin.wp.php(262): trx_addons_inc_post_views(0, 1)
#1 C:\wamp64\www\nomad\wp-includes\class-wp-hook.php(286): trx_addons_inc_views_php('')
#2 C:\wamp64\www\nomad\wp-includes\class-wp-hook.php(310): WP_Hook->apply_filters(NULL, Array)
#3 C:\wamp64\www\nomad\wp-includes\plugin.php(453): WP_Hook->do_action(Array)
#4 C:\wamp64\www\nomad\wp-includes\general-template.php(2614): do_action('wp_head')
#5 C:\wamp64\www\nomad\wp-content\themes\unitravel\header.php(15): wp_head()
#6 C:\wamp64\www\nomad\wp-includes\template.php(688): require_once('C:\\wamp64\\www\\n...')
#7 C:\wamp64\www\nomad\wp-includes\template.php(647): load_template('C:\\wamp64\\www\\n...', true)
#8 C:\wamp64\www\nomad\wp-includes\general-template.php(41): locate_template(Array, true)
#9 C:\wamp64\www\nomad\wp-content\themes\unitra

2018-09-17T15:23:11+00:00 CRITICAL Uncaught Error: Call to undefined function trx_addons_get_the_ID() in C:\wamp64\www\nomad\wp-content\plugins\trx_addons\includes\plugin.wp.php:132
Stack trace:
#0 C:\wamp64\www\nomad\wp-content\plugins\trx_addons\includes\plugin.wp.php(262): trx_addons_inc_post_views(0, 1)
#1 C:\wamp64\www\nomad\wp-includes\class-wp-hook.php(286): trx_addons_inc_views_php('')
#2 C:\wamp64\www\nomad\wp-includes\class-wp-hook.php(310): WP_Hook->apply_filters(NULL, Array)
#3 C:\wamp64\www\nomad\wp-includes\plugin.php(453): WP_Hook->do_action(Array)
#4 C:\wamp64\www\nomad\wp-includes\general-template.php(2614): do_action('wp_head')
#5 C:\wamp64\www\nomad\wp-content\themes\unitravel\header.php(15): wp_head()
#6 C:\wamp64\www\nomad\wp-includes\template.php(688): require_once('C:\\wamp64\\www\\n...')
#7 C:\wamp64\www\nomad\wp-includes\template.php(647): load_template('C:\\wamp64\\www\\n...', true)
#8 C:\wamp64\www\nomad\wp-includes\general-template.php(41): locate_template(Array, true)
#9 C:\wamp64\www\nomad\wp-content\themes\unitra

2018-09-17T15:25:16+00:00 CRITICAL Uncaught Error: Call to undefined function trx_addons_get_the_ID() in C:\wamp64\www\nomad\wp-content\plugins\trx_addons\includes\plugin.wp.php:132
Stack trace:
#0 C:\wamp64\www\nomad\wp-content\plugins\trx_addons\includes\plugin.wp.php(262): trx_addons_inc_post_views(0, 1)
#1 C:\wamp64\www\nomad\wp-includes\class-wp-hook.php(286): trx_addons_inc_views_php('')
#2 C:\wamp64\www\nomad\wp-includes\class-wp-hook.php(310): WP_Hook->apply_filters(NULL, Array)
#3 C:\wamp64\www\nomad\wp-includes\plugin.php(453): WP_Hook->do_action(Array)
#4 C:\wamp64\www\nomad\wp-includes\general-template.php(2614): do_action('wp_head')
#5 C:\wamp64\www\nomad\wp-content\themes\unitravel\header.php(15): wp_head()
#6 C:\wamp64\www\nomad\wp-includes\template.php(688): require_once('C:\\wamp64\\www\\n...')
#7 C:\wamp64\www\nomad\wp-includes\template.php(647): load_template('C:\\wamp64\\www\\n...', true)
#8 C:\wamp64\www\nomad\wp-includes\general-template.php(41): locate_template(Array, true)
#9 C:\wamp64\www\nomad\wp-content\themes\unitra

2018-09-17T15:25:46+00:00 CRITICAL Uncaught Error: Call to undefined function trx_addons_get_the_ID() in C:\wamp64\www\nomad\wp-content\plugins\trx_addons\includes\plugin.wp.php:132
Stack trace:
#0 C:\wamp64\www\nomad\wp-content\plugins\trx_addons\includes\plugin.wp.php(262): trx_addons_inc_post_views(0, 1)
#1 C:\wamp64\www\nomad\wp-includes\class-wp-hook.php(286): trx_addons_inc_views_php('')
#2 C:\wamp64\www\nomad\wp-includes\class-wp-hook.php(310): WP_Hook->apply_filters(NULL, Array)
#3 C:\wamp64\www\nomad\wp-includes\plugin.php(453): WP_Hook->do_action(Array)
#4 C:\wamp64\www\nomad\wp-includes\general-template.php(2614): do_action('wp_head')
#5 C:\wamp64\www\nomad\wp-content\themes\unitravel\header.php(15): wp_head()
#6 C:\wamp64\www\nomad\wp-includes\template.php(688): require_once('C:\\wamp64\\www\\n...')
#7 C:\wamp64\www\nomad\wp-includes\template.php(647): load_template('C:\\wamp64\\www\\n...', true)
#8 C:\wamp64\www\nomad\wp-includes\general-template.php(41): locate_template(Array, true)
#9 C:\wamp64\www\nomad\wp-content\themes\unitra

2018-09-17T15:27:27+00:00 CRITICAL Uncaught Error: Call to undefined function trx_addons_get_the_ID() in C:\wamp64\www\nomad\wp-content\plugins\trx_addons\includes\plugin.wp.php:132
Stack trace:
#0 C:\wamp64\www\nomad\wp-content\plugins\trx_addons\includes\plugin.wp.php(262): trx_addons_inc_post_views(0, 1)
#1 C:\wamp64\www\nomad\wp-includes\class-wp-hook.php(286): trx_addons_inc_views_php('')
#2 C:\wamp64\www\nomad\wp-includes\class-wp-hook.php(310): WP_Hook->apply_filters(NULL, Array)
#3 C:\wamp64\www\nomad\wp-includes\plugin.php(453): WP_Hook->do_action(Array)
#4 C:\wamp64\www\nomad\wp-includes\general-template.php(2614): do_action('wp_head')
#5 C:\wamp64\www\nomad\wp-content\themes\unitravel\header.php(15): wp_head()
#6 C:\wamp64\www\nomad\wp-includes\template.php(688): require_once('C:\\wamp64\\www\\n...')
#7 C:\wamp64\www\nomad\wp-includes\template.php(647): load_template('C:\\wamp64\\www\\n...', true)
#8 C:\wamp64\www\nomad\wp-includes\general-template.php(41): locate_template(Array, true)
#9 C:\wamp64\www\nomad\wp-content\themes\unitra

2018-09-17T15:27:33+00:00 CRITICAL Uncaught Error: Call to undefined function trx_addons_get_the_ID() in C:\wamp64\www\nomad\wp-content\plugins\trx_addons\includes\plugin.wp.php:132
Stack trace:
#0 C:\wamp64\www\nomad\wp-content\plugins\trx_addons\includes\plugin.wp.php(262): trx_addons_inc_post_views(0, 1)
#1 C:\wamp64\www\nomad\wp-includes\class-wp-hook.php(286): trx_addons_inc_views_php('')
#2 C:\wamp64\www\nomad\wp-includes\class-wp-hook.php(310): WP_Hook->apply_filters(NULL, Array)
#3 C:\wamp64\www\nomad\wp-includes\plugin.php(453): WP_Hook->do_action(Array)
#4 C:\wamp64\www\nomad\wp-includes\general-template.php(2614): do_action('wp_head')
#5 C:\wamp64\www\nomad\wp-content\themes\unitravel\header.php(15): wp_head()
#6 C:\wamp64\www\nomad\wp-includes\template.php(688): require_once('C:\\wamp64\\www\\n...')
#7 C:\wamp64\www\nomad\wp-includes\template.php(647): load_template('C:\\wamp64\\www\\n...', true)
#8 C:\wamp64\www\nomad\wp-includes\general-template.php(41): locate_template(Array, true)
#9 C:\wamp64\www\nomad\wp-content\themes\unitra

2018-09-17T15:52:12+00:00 CRITICAL Uncaught Error: Call to undefined function trx_addons_get_the_ID() in C:\wamp64\www\nomad\wp-content\plugins\trx_addons\includes\plugin.wp.php:132
Stack trace:
#0 C:\wamp64\www\nomad\wp-content\plugins\trx_addons\includes\plugin.wp.php(262): trx_addons_inc_post_views(0, 1)
#1 C:\wamp64\www\nomad\wp-includes\class-wp-hook.php(286): trx_addons_inc_views_php('')
#2 C:\wamp64\www\nomad\wp-includes\class-wp-hook.php(310): WP_Hook->apply_filters(NULL, Array)
#3 C:\wamp64\www\nomad\wp-includes\plugin.php(453): WP_Hook->do_action(Array)
#4 C:\wamp64\www\nomad\wp-includes\general-template.php(2614): do_action('wp_head')
#5 C:\wamp64\www\nomad\wp-content\themes\unitravel\header.php(15): wp_head()
#6 C:\wamp64\www\nomad\wp-includes\template.php(688): require_once('C:\\wamp64\\www\\n...')
#7 C:\wamp64\www\nomad\wp-includes\template.php(647): load_template('C:\\wamp64\\www\\n...', true)
#8 C:\wamp64\www\nomad\wp-includes\general-template.php(41): locate_template(Array, true)
#9 C:\wamp64\www\nomad\wp-content\themes\unitra

2018-09-17T16:04:12+00:00 CRITICAL Uncaught Error: Call to undefined function trx_addons_get_the_ID() in C:\wamp64\www\nomad\wp-content\plugins\trx_addons\includes\plugin.wp.php:132
Stack trace:
#0 C:\wamp64\www\nomad\wp-content\plugins\trx_addons\includes\plugin.wp.php(262): trx_addons_inc_post_views(0, 1)
#1 C:\wamp64\www\nomad\wp-includes\class-wp-hook.php(286): trx_addons_inc_views_php('')
#2 C:\wamp64\www\nomad\wp-includes\class-wp-hook.php(310): WP_Hook->apply_filters(NULL, Array)
#3 C:\wamp64\www\nomad\wp-includes\plugin.php(453): WP_Hook->do_action(Array)
#4 C:\wamp64\www\nomad\wp-includes\general-template.php(2614): do_action('wp_head')
#5 C:\wamp64\www\nomad\wp-content\themes\unitravel\header.php(15): wp_head()
#6 C:\wamp64\www\nomad\wp-includes\template.php(688): require_once('C:\\wamp64\\www\\n...')
#7 C:\wamp64\www\nomad\wp-includes\template.php(647): load_template('C:\\wamp64\\www\\n...', true)
#8 C:\wamp64\www\nomad\wp-includes\general-template.php(41): locate_template(Array, true)
#9 C:\wamp64\www\nomad\wp-content\themes\unitra

2018-09-17T16:07:16+00:00 CRITICAL Uncaught Error: Call to undefined function trx_addons_get_the_ID() in C:\wamp64\www\nomad\wp-content\plugins\trx_addons\includes\plugin.wp.php:132
Stack trace:
#0 C:\wamp64\www\nomad\wp-content\plugins\trx_addons\includes\plugin.wp.php(262): trx_addons_inc_post_views(0, 1)
#1 C:\wamp64\www\nomad\wp-includes\class-wp-hook.php(286): trx_addons_inc_views_php('')
#2 C:\wamp64\www\nomad\wp-includes\class-wp-hook.php(310): WP_Hook->apply_filters(NULL, Array)
#3 C:\wamp64\www\nomad\wp-includes\plugin.php(453): WP_Hook->do_action(Array)
#4 C:\wamp64\www\nomad\wp-includes\general-template.php(2614): do_action('wp_head')
#5 C:\wamp64\www\nomad\wp-content\themes\unitravel\header.php(15): wp_head()
#6 C:\wamp64\www\nomad\wp-includes\template.php(688): require_once('C:\\wamp64\\www\\n...')
#7 C:\wamp64\www\nomad\wp-includes\template.php(647): load_template('C:\\wamp64\\www\\n...', true)
#8 C:\wamp64\www\nomad\wp-includes\general-template.php(41): locate_template(Array, true)
#9 C:\wamp64\www\nomad\wp-content\themes\unitra

2018-09-17T16:07:18+00:00 CRITICAL Uncaught Error: Call to undefined function trx_addons_get_the_ID() in C:\wamp64\www\nomad\wp-content\plugins\trx_addons\includes\plugin.wp.php:132
Stack trace:
#0 C:\wamp64\www\nomad\wp-content\plugins\trx_addons\includes\plugin.wp.php(262): trx_addons_inc_post_views(0, 1)
#1 C:\wamp64\www\nomad\wp-includes\class-wp-hook.php(286): trx_addons_inc_views_php('')
#2 C:\wamp64\www\nomad\wp-includes\class-wp-hook.php(310): WP_Hook->apply_filters(NULL, Array)
#3 C:\wamp64\www\nomad\wp-includes\plugin.php(453): WP_Hook->do_action(Array)
#4 C:\wamp64\www\nomad\wp-includes\general-template.php(2614): do_action('wp_head')
#5 C:\wamp64\www\nomad\wp-content\themes\unitravel\header.php(15): wp_head()
#6 C:\wamp64\www\nomad\wp-includes\template.php(688): require_once('C:\\wamp64\\www\\n...')
#7 C:\wamp64\www\nomad\wp-includes\template.php(647): load_template('C:\\wamp64\\www\\n...', true)
#8 C:\wamp64\www\nomad\wp-includes\general-template.php(41): locate_template(Array, true)
#9 C:\wamp64\www\nomad\wp-content\themes\unitra

2018-09-17T16:10:16+00:00 CRITICAL Uncaught Error: Call to undefined function trx_addons_get_the_ID() in C:\wamp64\www\nomad\wp-content\plugins\trx_addons\includes\plugin.wp.php:132
Stack trace:
#0 C:\wamp64\www\nomad\wp-content\plugins\trx_addons\includes\plugin.wp.php(262): trx_addons_inc_post_views(0, 1)
#1 C:\wamp64\www\nomad\wp-includes\class-wp-hook.php(286): trx_addons_inc_views_php('')
#2 C:\wamp64\www\nomad\wp-includes\class-wp-hook.php(310): WP_Hook->apply_filters(NULL, Array)
#3 C:\wamp64\www\nomad\wp-includes\plugin.php(453): WP_Hook->do_action(Array)
#4 C:\wamp64\www\nomad\wp-includes\general-template.php(2614): do_action('wp_head')
#5 C:\wamp64\www\nomad\wp-content\themes\unitravel\header.php(15): wp_head()
#6 C:\wamp64\www\nomad\wp-includes\template.php(688): require_once('C:\\wamp64\\www\\n...')
#7 C:\wamp64\www\nomad\wp-includes\template.php(647): load_template('C:\\wamp64\\www\\n...', true)
#8 C:\wamp64\www\nomad\wp-includes\general-template.php(41): locate_template(Array, true)
#9 C:\wamp64\www\nomad\wp-content\themes\unitra

2018-09-17T16:12:44+00:00 CRITICAL Uncaught Error: Call to undefined function trx_addons_get_the_ID() in C:\wamp64\www\nomad\wp-content\plugins\trx_addons\includes\plugin.wp.php:132
Stack trace:
#0 C:\wamp64\www\nomad\wp-content\plugins\trx_addons\includes\plugin.wp.php(262): trx_addons_inc_post_views(0, 1)
#1 C:\wamp64\www\nomad\wp-includes\class-wp-hook.php(286): trx_addons_inc_views_php('')
#2 C:\wamp64\www\nomad\wp-includes\class-wp-hook.php(310): WP_Hook->apply_filters(NULL, Array)
#3 C:\wamp64\www\nomad\wp-includes\plugin.php(453): WP_Hook->do_action(Array)
#4 C:\wamp64\www\nomad\wp-includes\general-template.php(2614): do_action('wp_head')
#5 C:\wamp64\www\nomad\wp-content\themes\unitravel\header.php(15): wp_head()
#6 C:\wamp64\www\nomad\wp-includes\template.php(688): require_once('C:\\wamp64\\www\\n...')
#7 C:\wamp64\www\nomad\wp-includes\template.php(647): load_template('C:\\wamp64\\www\\n...', true)
#8 C:\wamp64\www\nomad\wp-includes\general-template.php(41): locate_template(Array, true)
#9 C:\wamp64\www\nomad\wp-content\themes\unitra

2018-09-17T16:13:29+00:00 CRITICAL Uncaught Error: Call to undefined function trx_addons_get_the_ID() in C:\wamp64\www\nomad\wp-content\plugins\trx_addons\includes\plugin.wp.php:132
Stack trace:
#0 C:\wamp64\www\nomad\wp-content\plugins\trx_addons\includes\plugin.wp.php(262): trx_addons_inc_post_views(0, 1)
#1 C:\wamp64\www\nomad\wp-includes\class-wp-hook.php(286): trx_addons_inc_views_php('')
#2 C:\wamp64\www\nomad\wp-includes\class-wp-hook.php(310): WP_Hook->apply_filters(NULL, Array)
#3 C:\wamp64\www\nomad\wp-includes\plugin.php(453): WP_Hook->do_action(Array)
#4 C:\wamp64\www\nomad\wp-includes\general-template.php(2614): do_action('wp_head')
#5 C:\wamp64\www\nomad\wp-content\themes\unitravel\header.php(15): wp_head()
#6 C:\wamp64\www\nomad\wp-includes\template.php(688): require_once('C:\\wamp64\\www\\n...')
#7 C:\wamp64\www\nomad\wp-includes\template.php(647): load_template('C:\\wamp64\\www\\n...', true)
#8 C:\wamp64\www\nomad\wp-includes\general-template.php(41): locate_template(Array, true)
#9 C:\wamp64\www\nomad\wp-content\themes\unitra

